Performing C SOURCE FILE Test CMAKE_HAVE_LIBC_PTHREAD failed with the following output:
Change Dir: /home/pm/Desktop/TinyTensor/build/CMakeFiles/CMakeTmp

Run Build Command(s):/usr/bin/make cmTC_6f33f/fast && /usr/bin/make -f CMakeFiles/cmTC_6f33f.dir/build.make CMakeFiles/cmTC_6f33f.dir/build
make[1]: Entering directory '/home/pm/Desktop/TinyTensor/build/CMakeFiles/CMakeTmp'
Building C object CMakeFiles/cmTC_6f33f.dir/src.c.o
/usr/bin/gcc   -DCMAKE_HAVE_LIBC_PTHREAD   -o CMakeFiles/cmTC_6f33f.dir/src.c.o   -c /home/pm/Desktop/TinyTensor/build/CMakeFiles/CMakeTmp/src.c
Linking C executable cmTC_6f33f
/usr/bin/cmake -E cmake_link_script CMakeFiles/cmTC_6f33f.dir/link.txt --verbose=1
/usr/bin/gcc  -DCMAKE_HAVE_LIBC_PTHREAD    CMakeFiles/cmTC_6f33f.dir/src.c.o  -o cmTC_6f33f 
/usr/bin/ld: CMakeFiles/cmTC_6f33f.dir/src.c.o: in function `main':
src.c:(.text+0x46): undefined reference to `pthread_create'
/usr/bin/ld: src.c:(.text+0x52): undefined reference to `pthread_detach'
/usr/bin/ld: src.c:(.text+0x63): undefined reference to `pthread_join'
collect2: error: ld returned 1 exit status
make[1]: *** [CMakeFiles/cmTC_6f33f.dir/build.make:87: cmTC_6f33f] Error 1
make[1]: Leaving directory '/home/pm/Desktop/TinyTensor/build/CMakeFiles/CMakeTmp'
make: *** [Makefile:121: cmTC_6f33f/fast] Error 2


Source file was:
#include <pthread.h>

void* test_func(void* data)
{
  return data;
}

int main(void)
{
  pthread_t thread;
  pthread_create(&thread, NULL, test_func, NULL);
  pthread_detach(thread);
  pthread_join(thread, NULL);
  pthread_atfork(NULL, NULL, NULL);
  pthread_exit(NULL);

  return 0;
}

Determining if the function pthread_create exists in the pthreads failed with the following output:
Change Dir: /home/pm/Desktop/TinyTensor/build/CMakeFiles/CMakeTmp

Run Build Command(s):/usr/bin/make cmTC_1b71a/fast && /usr/bin/make -f CMakeFiles/cmTC_1b71a.dir/build.make CMakeFiles/cmTC_1b71a.dir/build
make[1]: Entering directory '/home/pm/Desktop/TinyTensor/build/CMakeFiles/CMakeTmp'
Building C object CMakeFiles/cmTC_1b71a.dir/CheckFunctionExists.c.o
/usr/bin/gcc   -DCHECK_FUNCTION_EXISTS=pthread_create   -o CMakeFiles/cmTC_1b71a.dir/CheckFunctionExists.c.o   -c /usr/share/cmake-3.16/Modules/CheckFunctionExists.c
Linking C executable cmTC_1b71a
/usr/bin/cmake -E cmake_link_script CMakeFiles/cmTC_1b71a.dir/link.txt --verbose=1
/usr/bin/gcc  -DCHECK_FUNCTION_EXISTS=pthread_create    CMakeFiles/cmTC_1b71a.dir/CheckFunctionExists.c.o  -o cmTC_1b71a  -lpthreads 
/usr/bin/ld: cannot find -lpthreads
collect2: error: ld returned 1 exit status
make[1]: *** [CMakeFiles/cmTC_1b71a.dir/build.make:87: cmTC_1b71a] Error 1
make[1]: Leaving directory '/home/pm/Desktop/TinyTensor/build/CMakeFiles/CMakeTmp'
make: *** [Makefile:121: cmTC_1b71a/fast] Error 2



Determining if the function sgemm_ exists failed with the following output:
Change Dir: /home/pm/Desktop/TinyTensor/build/CMakeFiles/CMakeTmp

Run Build Command(s):/usr/bin/make cmTC_b0bd4/fast && /usr/bin/make -f CMakeFiles/cmTC_b0bd4.dir/build.make CMakeFiles/cmTC_b0bd4.dir/build
make[1]: Entering directory '/home/pm/Desktop/TinyTensor/build/CMakeFiles/CMakeTmp'
Building C object CMakeFiles/cmTC_b0bd4.dir/CheckFunctionExists.c.o
/usr/bin/gcc   -DCHECK_FUNCTION_EXISTS=sgemm_   -o CMakeFiles/cmTC_b0bd4.dir/CheckFunctionExists.c.o   -c /usr/share/cmake-3.16/Modules/CheckFunctionExists.c
Linking C executable cmTC_b0bd4
/usr/bin/cmake -E cmake_link_script CMakeFiles/cmTC_b0bd4.dir/link.txt --verbose=1
/usr/bin/gcc  -DCHECK_FUNCTION_EXISTS=sgemm_    CMakeFiles/cmTC_b0bd4.dir/CheckFunctionExists.c.o  -o cmTC_b0bd4 
/usr/bin/ld: CMakeFiles/cmTC_b0bd4.dir/CheckFunctionExists.c.o: in function `main':
CheckFunctionExists.c:(.text+0x14): undefined reference to `sgemm_'
collect2: error: ld returned 1 exit status
make[1]: *** [CMakeFiles/cmTC_b0bd4.dir/build.make:87: cmTC_b0bd4] Error 1
make[1]: Leaving directory '/home/pm/Desktop/TinyTensor/build/CMakeFiles/CMakeTmp'
make: *** [Makefile:121: cmTC_b0bd4/fast] Error 2



